= 

= 

= 

= 

= 

= 

= 

= 

= C4

= 

= 

= Q4

= 

= 

= D6

= 

= 

= R14

= 

= 

= C9

= 

= 

= G4

= 

= 

= D14

= 

= 

= D15

= 

= 

= C16

= 

= 

= M3

= 

= 

= E2

= 

= 

= E4

= 

= 

= F2

= 

= 

= Q10

= 

= 

= B6

= 

= 

= Q10

= 

= 

= Q10

= 

= 

= C8

= 

= 

= Q10

= 

= 

= O4

= 

= 

= P4

= 

= 

= Q13

= 

= 

= R4

= 

= 

= S6

= 

= 

= O6

= 

= 

= L5

= 

= 

= M2

= 

= 

= L3

= 

= 

= L4

= 

= 

= K5

= 

= 

= O17

= 

= 

= K17

= 

= 

= R13

= 

= 

= S12

= 

= 

= G16

= 

= 

= O18

= 

= 

= H18

= 

= 

= G17

= 

= 

= G18

= 

= 

= B16

= 

= 

= B16

= 

= 

= M16

= 

= 

= P1

= 

= 

= O11

= 

= 

= N10

= 

= 

= N10

= 

= 

= D1

= 

= 

= E1

= 

= 

= J19

= 

= 

= H19

= 

= 

= P19

= 

= 

= N17

= 

= 

= O19

= 

= 

= Q19

= 

= 

= R19

= 

= 

= S11

= 

= 

= R11

= 

= 

= P10

= 

= 

= T10

= 

= 

= A15

= 

= 

= A15

= 

= 

= A16

= 

= 

= J6

= 

= 

= L13

= 

= 

= L7

= 

= 

= O11

= 

= 

= K7

= 

= 

= L12

= 

= 

= J10

= 

= 

= N11

= 

= 

= L8

= 

= 

= S19

= 

= 

= S19

= 

= 

= J10

= 

= 

= K12

= 

= 

= J12

= 

= 

= G11

= 

= 

= L10

= 

= 

= L10

= 

= 

= H13

= 

= 

= K9

= 

= 

= H14

= 

= 

= N16

= 

= 

= J15

= 

= 

= E13

= 

= 

= F10

= 

= 

= N2

= 

= 

= O1

= 

= 

= P15

= 

= 

= G10

= 

= 

= G13

= 

= 

= F14

= 

= 

= J14

= 

= 

= P15

= 

= 

= T11

= 

= 

= P15

= 

= 

= P15

= 

= 

= E10

= 

= 

= G8

= 

= 

= G5

= 

= 

= L13

= 

= 

= N13

= 

= 

= O16

= 

= 

= G15

= 

= 

= E14

= 

= 

= M5

= 

= 

= F7

= 

= 

= H16

= 

= 

= H16

= 

= 

= Q15

= 

= 

= Q11

= 

= 

= T13

= 

= 

= H16

= 

= 

= H16

= 

= 

= N1

= 

= 

= L16

= 

= 

= PASS

= 
   A B C D E F G H J K L M N O P Q R S T
19 . . . . . . . O O X . . X O O O O O X 19
18 . . . . . . O O X X . X X O X X X X X 18
17 . . . . . . O X X . X X O O X . . . X 17
16 O O O O . . O O X X O O O O X X . X . 16
15 O X X O . . O . O X X X X O O O X . . 15
14 X . X O O O . O O X X X O . . O X X X 14
13 . X X X O X O O X X O X O . . O O X O 13
12 . . . X X X X X O O O O O . . . . O O 12
11 . . . . X O O X X X X X O O . O O O O 11     WHITE has captured 2 stones
10 . . X X O O O O O O O X O X O O X X O 10     BLACK has captured 3 stones
 9 . X O X X X O . X O X X X X X X . X O 9
 8 . . O X X O O . . X O X . . . . . . X 8
 7 . . . . X O . . . O O X . X X . X X . 7
 6 . O O X . X O . O O X X X O . . . O . 6
 5 . X X . X X O . . O O O X . . . . . . 5
 4 . . . X O O . . . X O X X O O O O . . 4
 3 . . . X X O . . . X O O X X X X X . . 3
 2 . X . X O O . . . . . O O X X X . . . 2
 1 . . X O O . . . . . . . O O O O X . . 1
   A B C D E F G H J K L M N O P Q R S T

= B+23.5

=10000 86535111

=10001 68605

=10002 535291

=10003 137988384

