= 

= 

= 

= 

= 

= 

= 

= D16 K16 Q16 D10 K10 Q10 D4 K4 Q4

= C6

= 

= 

= E6

= 

= 

= F5

= 

= 

= O3

= 

= 

= P6

= 

= 

= N16

= 

= 

= N16

= 

= 

= R13

= 

= 

= Q13

= 

= 

= G4

= 

= 

= O17

= 

= 

= R11

= 

= 

= O17

= 

= 

= Q18

= 

= 

= R17

= 

= 

= O7

= 

= 

= O14

= 

= 

= R18

= 

= 

= F14

= 

= 

= G13

= 

= 

= H5

= 

= 

= G5

= 

= 

= N15

= 

= 

= G17

= 

= 

= H16

= 

= 

= B5

= 

= 

= B9

= 

= 

= C9

= 

= 

= E8

= 

= 

= H8

= 

= 

= G7

= 

= 

= A10

= 

= 

= A9

= 

= 

= Q8

= 

= 

= R8

= 

= 

= S4

= 

= 

= S7

= 

= 

= J5

= 

= 

= N18

= 

= 

= G18

= 

= 

= F19

= 

= 

= E18

= 

= 

= R5

= 

= 

= A5

= 

= 

= R5

= 

= 

= N19

= 

= 

= R5

= 

= 

= O5

= 

= 

= J6

= 

= 

= J6

= 

= 

= J6

= 

= 

= M13

= 

= 

= F7

= 

= 

= E5

= 

= 

= H9

= 

= 

= K13

= 

= 

= K18

= 

= 

= J18

= 

= 

= L16

= 

= 

= O16

= 

= 

= M16

= 

= 

= M15

= 

= 

= P18

= 

= 

= S17

= 

= 

= S19

= 

= 

= L14

= 

= 

= P14

= 

= 

= J14

= 

= 

= M7

= 

= 

= N8

= 

= 

= M8

= 

= 

= L9

= 

= 

= L10

= 

= 

= O8

= 

= 

= K11

= 

= 

= Q7

= 

= 

= P7

= 

= 

= Q6

= 

= 

= T7

= 

= 

= O12

= 

= 

= J10

= 

= 

= L11

= 

= 

= L6

= 

= 

= L5

= 

= 

= K7

= 

= 
   A B C D E F G H J K L M N O P Q R S T
19 . . . . . O X X . . X . . X . . . O . 19
18 . . . X O . O X O O X X . X O O O . . 18
17 . . X . . . O X X X . X X O X X O O . 17
16 . . . X . . O O X X O O X O . X X X . 16
15 . . . . X . . . . X X O O X X . X . . 15
14 . . . . . O . . O . O . . O O O X X . 14
13 . . . X . . O . . O . O . . . O O X . 13
12 . . . . . . . . . . . . . O . X X O . 12
11 X X . . . . . . . O O . . . . X O X . 11     WHITE has captured 12 stones
10 O X X X . . . . O + O X . . . X . . . 10     BLACK has captured 4 stones
 9 O O O . . . . O . . O X X X X . X X . 9
 8 . . . . O . . O . . . O O O X O O X . 8
 7 . . . . . O O . . O . O X O O O . O O 7
 6 . . O . O . . . O X O X X X O O O . X 6
 5 O O . . O O O O O X O . X . X X O . . 5
 4 O X X X X X O X X X . . X X . X . O O 4
 3 X X . . . . X . . . . . . . . . X X O 3
 2 . . . . . . . . . . . . . . . . . X X 2
 1 . . . . . . . . . . . . . . . . . . . 1
   A B C D E F G H J K L M N O P Q R S T

= B+48.5

=10000 61852545

=10001 55739

=10002 502827

=10003 106410014

