= 

= 

= 

= 

= 

= 

= 

= 

= D16

= 

= 

= D4

= 

= 

= P16

= 

= 

= P15

= 

= 

= P13

= 

= 

= L17

= 

= 

= H17

= 

= 

= K4

= 

= 

= C8

= 

= 

= R7

= 

= 

= N6

= 

= 

= Q3

= 

= 

= R5

= 

= 

= P2

= 

= 

= S6

= 

= 

= R6

= 

= 

= P4

= 

= 

= R2

= 

= 

= Q1

= 

= 

= P5

= 

= 

= O6

= 

= 

= Q6

= 

= 

= K3

= 

= 

= E8

= 

= 

= L5

= 

= 

= M6

= 

= 

= O1

= 

= 

= E8

= 

= 

= P7

= 

= 

= S2

= 

= 

= E8

= 

= 

= F3

= 

= 

= C5

= 

= 

= R18

= 

= 

= H15

= 

= 

= Q17

= 

= 

= Q16

= 

= 

= H4

= 

= 

= G4

= 

= 

= J5

= 

= 

= K7

= 

= 

= H6

= 

= 

= J8

= 

= 

= L7

= 

= 

= J9

= 

= 

= G10

= 

= 

= H10

= 

= 

= E10

= 

= 

= F11

= 

= 

= D9

= 

= 

= K9

= 

= 

= D10

= 

= 

= G9

= 

= 

= H11

= 

= 

= L8

= 

= 

= F2

= 

= 

= F18

= 

= 

= G18

= 

= 

= E19

= 

= 

= J11

= 

= 

= L11

= 

= 

= M10

= 

= 

= K8

= 

= 

= N9

= 

= 

= K11

= 

= 

= J14

= 

= 

= F14

= 

= 

= B11

= 

= 

= A12

= 

= 

= A11

= 

= 

= D19

= 

= 

= F19

= 

= 

= S8

= 

= 

= L15

= 

= 

= B10

= 

= 

= B9

= 

= 

= G2

= 

= 

= H18

= 

= 

= T9

= 

= 

= T8

= 

= 

= N8

= 

= 

= M14

= 

= 

= G13

= 

= 

= M18

= 

= 

= M19

= 

= 

= L18

= 

= 

= D8

= 

= 

= M8

= 

= 

= H6

= 

= 

= G6

= 

= 

= J3

= 

= 

= J3

= 

= 

= H2

= 

= 

= E15

= 

= 

= E16

= 

= 

= S1

= 

= 

= O8

= 

= 

= E5

= 

= 

= D6

= 

= 

= C7

= 

= 

= B6

= 

= 

= B5

= 

= 

= F6

= 

= 

= E4

= 

= 

= E14

= 

= 

= K16

= 

= 

= F13

= 

= 

= J15

= 

= 

= H12

= 

= 

= K13

= 

= 

= K12

= 

= 

= L14

= 

= 

= Q8

= 

= 

= D16

= 

= 

= N19

= 

= 

= H16

= 

= 

= H1

= 

= 

= P8

= 

= 

= S3

= 

= 

= T5

= 

= 

= T3

= 

= 

= T5

= 

= 

= K14

= 

= 

= G16

= 

= 

= G16

= 

= 

= PASS

= 
   A B C D E F G H J K L M N O P Q R S T
19 . . X O O O . . . . X O O X . . . . . 19
18 . . X X X O O O . . O O X X X X O . . 18
17 . . X O X X X O . . O X X . O O X . . 17
16 . . X O O X O O . O X X . . . O X . . 16
15 . . . X O X X O O . O X X . O X . . . 15
14 . . . X O O X X O O O O X . . . X . . 14
13 X X . X X O O X X O X X X . O . . . . 13
12 O X X . . X O O X O X . . . . . X . . 12
11 O O X X X X X O O O O X . . X . . . . 11     WHITE has captured 12 stones
10 . O X O O X O O X X X X X . . + . X X 10     BLACK has captured 7 stones
 9 . O X O X X O X O O X X O X X X X X O 9
 8 . . O O O X X X O O O O O O O O X O O 8
 7 . . O X X X X X X O O . . . O . O . . 7
 6 . O X X X O O O X X O O O O . O O O X 6
 5 . O O X O X . . O X O X X X O . O . O 5
 4 . . . O O . O O O O X . . X O O . . . 4
 3 . . . . . O . . O O X . . X X O . O O 3
 2 . . . . . O O O X O X . . X . X O O . 2
 1 . . . . . . . O X X X . X . X X X O . 1
   A B C D E F G H J K L M N O P Q R S T

= B+14.5

=10000 63523204

=10001 50391

=10002 322636

=10003 93536594

