= 

= 

= 

= 

= 

= 

= 

= 

= Q17

= 

= 

= R4

= 

= 

= D6

= 

= 

= B4

= 

= 

= C9

= 

= 

= Q5

= 

= 

= D14

= 

= 

= C15

= 

= 

= C12

= 

= 

= N3

= 

= 

= E6

= 

= 

= G7

= 

= 

= O16

= 

= 

= R17

= 

= 

= P13

= 

= 

= L17

= 

= 

= M17

= 

= 

= F14

= 

= 

= N5

= 

= 

= M2

= 

= 

= N17

= 

= 

= J18

= 

= 

= K3

= 

= 

= J2

= 

= 

= L4

= 

= 

= B11

= 

= 

= D12

= 

= 

= Q14

= 

= 

= Q14

= 

= 

= E9

= 

= 

= E9

= 

= 

= E9

= 

= 

= E9

= 

= 

= E9

= 

= 

= O14

= 

= 

= O14

= 

= 

= E9

= 

= 

= E9

= 

= 

= D13

= 

= 

= D13

= 

= 

= D15

= 

= 

= G13

= 

= 

= E9

= 

= 

= F11

= 

= 

= F11

= 

= 

= B6

= 

= 

= B6

= 

= 

= B6

= 

= 

= C5

= 

= 

= R18

= 

= 

= B9

= 

= 

= A5

= 

= 

= B9

= 

= 

= B9

= 

= 

= M15

= 

= 

= L14

= 

= 

= L14

= 

= 

= F9

= 

= 

= F2

= 

= 

= F1

= 

= 

= G1

= 

= 

= F9

= 

= 

= F10

= 

= 

= O18

= 

= 

= G5

= 

= 

= J5

= 

= 

= N10

= 

= 

= N9

= 

= 

= H5

= 

= 

= R3

= 

= 

= R2

= 

= 

= P3

= 

= 

= S2

= 

= 

= Q17

= 

= 

= Q14

= 

= 

= P4

= 

= 

= L16

= 

= 

= L16

= 

= 

= L16

= 

= 

= O5

= 

= 

= K17

= 

= 

= K14

= 

= 

= N7

= 

= 

= M5

= 

= 

= M4

= 

= 

= J6

= 

= 

= K6

= 

= 

= K6

= 

= 

= K6

= 

= 

= K7

= 

= 

= G6

= 

= 

= K4

= 

= 

= O18

= 

= 

= N18

= 

= 

= P17

= 

= 

= P12

= 

= 

= O10

= 

= 

= O11

= 

= 

= E8

= 

= 

= F8

= 

= 

= M13

= 

= 

= A8

= 

= 

= M9

= 

= 

= P7

= 

= 

= T2

= 

= 

= M9

= 

= 

= A7

= 

= 

= C10

= 

= 

= B7

= 

= 

= M9

= 

= 

= D7

= 

= 

= L15

= 

= 

= O4

= 

= 

= Q15

= 

= 

= K13

= 

= 

= H2

= 

= 

= H2

= 

= 

= D10

= 

= 

= J7

= 

= 

= PASS

= 
   A B C D E F G H J K L M N O P Q R S T
19 . . . . . . . . . . . . X X . . X . . 19
18 . . . . . X . X O X X X O O X X O X . 18
17 . . X . . . . X X O O O O . O O O X . 17
16 . X X + . O X . X X O X . O . O X X . 16
15 . . O . O O X . . X O O O . O O X . . 15
14 . X X O . . O O X O O . . O . O X . . 14
13 . . X O O . O X X O X O O . O X . . . 13
12 . X O O X O X . . X X O . . O X . . . 12
11 X . X X X X . . . X O O X O X . X . . 11     WHITE has captured 9 stones
10 X X O O X O X X . X X O X O X + . . . 10     BLACK has captured 1 stones
 9 X O O X X O X X X X O O O O X . . . . 9
 8 O X O O O O O O O X X X O X X . X . . 8
 7 O . . O . . O . O O X X O O O X . . . 7
 6 . O O X O . O . O X X X X O . O X X . 6
 5 O . O X X O O O O X X O X O . O O X . 5
 4 O O X X X X O . . O O O X O O X X X X 4
 3 X X X . . X O O O O X . O . O O X O X 3
 2 . . . . X O . O X X O O . . . . O O O 2
 1 . . . . X O O O O X . . . . . . . . . 1
   A B C D E F G H J K L M N O P Q R S T

= B+52.5

=10000 76542632

=10001 90552

=10002 512277

=10003 129289421

