= 

= 

= 

= 

= 

= 

= 

= D16 Q16 D4

= 

= Q3

= 

= 

= H3

= 

= 

= F4

= 

= 

= D3

= 

= 

= C2

= 

= 

= R3

= 

= 

= E2

= 

= 

= R3

= 

= 

= R2

= 

= 

= Q2

= 

= 

= P2

= 

= 

= C14

= 

= 

= O16

= 

= 

= R17

= 

= 

= S17

= 

= 

= F2

= 

= 

= T14

= 

= 

= T15

= 

= 

= S13

= 

= 

= T12

= 

= 

= M15

= 

= 

= N16

= 

= 

= L15

= 

= 

= J15

= 

= 

= M3

= 

= 

= M3

= 

= 

= M4

= 

= 

= L6

= 

= 

= E17

= 

= 

= D12

= 

= 

= D13

= 

= 

= B9

= 

= 

= K8

= 

= 

= C16

= 

= 

= G10

= 

= 

= K11

= 

= 

= F15

= 

= 

= S3

= 

= 

= T6

= 

= 

= H9

= 

= 

= K7

= 

= 

= T6

= 

= 

= S7

= 

= 

= S9

= 

= 

= S10

= 

= 

= R11

= 

= 

= B17

= 

= 

= F7

= 

= 

= G6

= 

= 

= G5

= 

= 

= B17

= 

= 

= A18

= 

= 

= B18

= 

= 

= E7

= 

= 

= F8

= 

= 

= E9

= 

= 

= C10

= 

= 

= B10

= 

= 

= T17

= 

= 

= E4

= 

= 

= S1

= 

= 

= L2

= 

= 

= K1

= 

= 

= K2

= 

= 

= A8

= 

= 

= A7

= 

= 

= O1

= 

= 

= P15

= 

= 

= P15

= 

= 

= P15

= 

= 

= H11

= 

= 

= H12

= 

= 

= G13

= 

= 

= E14

= 

= 

= H16

= 

= 

= G15

= 

= 

= F13

= 

= 

= F16

= 

= 

= E12

= 

= 

= L7

= 

= 

= L5

= 

= 

= S16

= 

= 

= S16

= 

= 

= M7

= 

= 

= M7

= 

= 

= F5

= 

= 

= T2

= 

= 

= J14

= 

= 

= T4

= 

= 

= P16

= 

= 

= T4

= 

= 

= T4

= 

= 

= H10

= 

= 

= D13

= 

= 

= P1

= 

= 

= PASS

= 
   A B C D E F G H J K L M N O P Q R S T
19 . . . . . . . . . . . . . . . . . . . 19
18 X X . . . . . . . . . . . . . . . . . 18
17 O X . . X . . . . . . . . . . . X X X 17
16 O O X X X X O X . + . . X X X X O X O 16
15 . . O O O X X O X X X X O O X O O O O 15
14 . O . O O O O O X O O O . O O O . O . 14
13 . . O X O X X O O . . . . . . . . X O 13
12 O . O X X . . X O . . . . . . . . . X 12
11 X O O X . . . X O X O . . . . . X O . 11     WHITE has captured 4 stones
10 X X X X . . X X O O . . . O . + . X . 10     BLACK has captured 2 stones
 9 X X O O X . . X X O . . . . . . . X . 9
 8 X O O X X X . . O X O O . . . . . O . 8
 7 X O . O X X O . . X X X O . . . O X . 7
 6 O O . O O O X . . . X O O . . . . O X 6
 5 . . . O X X X . . . X O X O . . O . O 5
 4 . . O X X . X . . + . X X O . + O O O 4
 3 . . O X . O . X . . . X O O O O X X O 3
 2 . O . O X X . . . X X O O O X X X . X 2
 1 . . O O X . . . . X O O O X X . . X . 1
   A B C D E F G H J K L M N O P Q R S T

= B+2.5

=10000 61249171

=10001 55428

=10002 415752

=10003 100185047

