= 

= 

= 

= 

= 

= 

= 

= D16 K16 Q16 D10 K10 Q10 D4 K4 Q4

= 

= R15

= 

= 

= Q6

= 

= 

= P5

= 

= 

= R4

= 

= 

= P6

= 

= 

= P14

= 

= 

= Q17

= 

= 

= N7

= 

= 

= O4

= 

= 

= M4

= 

= 

= P3

= 

= 

= P5

= 

= 

= P4

= 

= 

= S4

= 

= 

= R3

= 

= 

= S3

= 

= 

= Q2

= 

= 

= T4

= 

= 

= H5

= 

= 

= D6

= 

= 

= D14

= 

= 

= E15

= 

= 

= C16

= 

= 

= E14

= 

= 

= G13

= 

= 

= F13

= 

= 

= F15

= 

= 

= G14

= 

= 

= B16

= 

= 

= C10

= 

= 

= B18

= 

= 

= B11

= 

= 

= B17

= 

= 

= G18

= 

= 

= G16

= 

= 

= B11

= 

= 

= E3

= 

= 

= G6

= 

= 

= F11

= 

= 

= O8

= 

= 

= J5

= 

= 

= F4

= 

= 

= F2

= 

= 

= G3

= 

= 

= F3

= 

= 

= D2

= 

= 

= C3

= 

= 

= B4

= 

= 

= E7

= 

= 

= J2

= 

= 

= E6

= 

= 

= C6

= 

= 

= B6

= 

= 

= B7

= 

= 

= C8

= 

= 

= B10

= 

= 

= H10

= 

= 

= D11

= 

= 

= A5

= 

= 

= Q13

= 

= 

= P12

= 

= 

= R12

= 

= 

= O14

= 

= 

= Q12

= 

= 

= R8

= 

= 

= R11

= 

= 

= R10

= 

= 

= S13

= 

= 

= R9

= 

= 

= S8

= 

= 

= T12

= 

= 

= S11

= 

= 

= T8

= 

= 

= N5

= 

= 

= N6

= 

= 

= T6

= 

= 

= N13

= 

= 

= R7

= 

= 

= M8

= 

= 

= Q8

= 

= 

= R13

= 

= 

= M13

= 

= 

= M3

= 

= 

= L3

= 

= 

= L5

= 

= 

= M6

= 

= 

= P10

= 

= 

= M12

= 

= 

= L8

= 

= 

= K9

= 

= 

= A12

= 

= 

= G12

= 

= 

= G19

= 

= 

= L11

= 

= 

= O7

= 

= 

= O11

= 

= 

= R18

= 

= 

= Q18

= 

= 

= P6

= 

= 

= D9

= 

= 

= A13

= 

= 

= F10

= 

= 

= F17

= 

= 

= F17

= 

= 

= J1

= 

= 

= G11

= 

= 

= H17

= 

= 

= C4

= 

= 

= H18

= 

= 

= C19

= 

= 

= J9

= 

= 

= J7

= 

= 

= J6

= 

= 

= K8

= 

= 

= B13

= 

= 

= A11

= 

= 

= O8

= 

= 

= Q1

= 

= 

= Q19

= 

= 

= J10

= 

= 

= G14

= 

= 

= N8

= 

= 

= L10

= 

= 

= PASS

= 
   A B C D E F G H J K L M N O P Q R S T
19 . O . O . O X . . . . . . . . X O O . 19
18 O X O O O O X X . . . . . . . X X O . 18
17 . X O X . O O X . . . . . . . X O . . 17
16 O X X X O O X . . X . . . X . X O . . 16
15 . O O O X X X . . . . . . . . X O . . 15
14 O O O X X . X O . . . . . X X O O O O 14
13 X X O O O X X . . . . X X O O X X X O 13
12 X O O O O O X . . . . X O O X X X O O 12
11 X X O X O X X O . . X O O X . . X X O 11     WHITE has captured 7 stones
10 . . X X O X O X X X X O . O X X X . O 10     BLACK has captured 10 stones
 9 . X . X O O O O X X O O O . O O X . O 9
 8 . . X O . . . O O X X X X O O X X X X 8
 7 . X O O O . O O X . . . X X O O X O O 7
 6 . X X X X O . O X . . X X . X O O O . 6
 5 X O O O O O O X X . X . X . X O O O O 5
 4 . X X X O X X O . X . X O X X X O X X 4
 3 . . X . X X X O X O X X O O X X X X . 3
 2 . . . X . X O . X O O O . O O X . . . 2
 1 . . . . . . . . X X O . O O X X . . . 1
   A B C D E F G H J K L M N O P Q R S T

= B+26.5

=10000 95600932

=10001 220789

=10002 358772

=10003 136758162

