= 

= 

= 

= 

= 

= 

= 

= Q16

= 

= 

= Q4

= 

= 

= D5

= 

= 

= E5

= 

= 

= C15

= 

= 

= E15

= 

= 

= P16

= 

= 

= P16

= 

= 

= P4

= 

= 

= F6

= 

= 

= F6

= 

= 

= F6

= 

= 

= O2

= 

= 

= E13

= 

= 

= C8

= 

= 

= N3

= 

= 

= N3

= 

= 

= R3

= 

= 

= C10

= 

= 

= R3

= 

= 

= M2

= 

= 

= L3

= 

= 

= N4

= 

= 

= P4

= 

= 

= L2

= 

= 

= L4

= 

= 

= K2

= 

= 

= L7

= 

= 

= O15

= 

= 

= L7

= 

= 

= O15

= 

= 

= R4

= 

= 

= Q5

= 

= 

= Q2

= 

= 

= R1

= 

= 

= N3

= 

= 

= N2

= 

= 

= J3

= 

= 

= J1

= 

= 

= R8

= 

= 

= S6

= 

= 

= O15

= 

= 

= O15

= 

= 

= N16

= 

= 

= N16

= 

= 

= T12

= 

= 

= N16

= 

= 

= O17

= 

= 

= H6

= 

= 

= K5

= 

= 

= L16

= 

= 

= H5

= 

= 

= M14

= 

= 

= N12

= 

= 

= H5

= 

= 

= G4

= 

= 

= O7

= 

= 

= H10

= 

= 

= H10

= 

= 

= S16

= 

= 

= T17

= 

= 

= P14

= 

= 

= K3

= 

= 

= O7

= 

= 

= O8

= 

= 

= O8

= 

= 

= O8

= 

= 

= O8

= 

= 

= E12

= 

= 

= D19

= 

= 

= D19

= 

= 

= D19

= 

= 

= C19

= 

= 

= K14

= 

= 

= B9

= 

= 

= B10

= 

= 

= E14

= 

= 

= D4

= 

= 

= A18

= 

= 

= R10

= 

= 

= B13

= 

= 

= E14

= 

= 

= E14

= 

= 

= E14

= 

= 

= T7

= 

= 

= E14

= 

= 

= D6

= 

= 

= D5

= 

= 

= B7

= 

= 

= A7

= 

= 

= E14

= 

= 

= E14

= 

= 

= E14

= 

= 

= E14

= 

= 

= E14

= 

= 

= M9

= 

= 

= E14

= 

= 

= M9

= 

= 

= S7

= 

= 

= S9

= 

= 

= J14

= 

= 

= H13

= 

= 

= H8

= 

= 

= D14

= 

= 

= D14

= 

= 

= D16

= 

= 

= B15

= 

= 

= G14

= 

= 

= G13

= 

= 

= C5

= 

= 

= A6

= 

= 

= H8

= 

= 

= H7

= 

= 

= E10

= 

= 

= G9

= 

= 

= G7

= 

= 

= G6

= 

= 

= J8

= 

= 

= J10

= 

= 

= Q17

= 

= 

= B15

= 

= 

= A8

= 

= 

= Q13

= 

= 

= Q18

= 

= 

= Q15

= 

= 

= P14

= 

= 

= O11

= 

= 

= P17

= 

= 

= Q16

= 

= 

= G2

= 

= 

= G15

= 

= 

= O10

= 

= 

= O9

= 

= 

= O9

= 

= 

= N9

= 

= 

= K15

= 

= 

= L14

= 

= 

= F1

= 

= 

= F1

= 

= 

= G1

= 

= 

= R11

= 

= 

= K7

= 

= 

= N11

= 

= 

= P11

= 

= 

= M7

= 

= 

= Q1

= 

= 

= A17

= 

= 

= PASS

= 

= 
   A B C D E F G H J K L M N O P Q R S T
19 O O . . O . . . . . . . . . . O . . . 19
18 X O . O O . . . . . . O . O O X O . . 18
17 X X O O . . . . O . . . O X X X O O X 17
16 . X O X O O O . . O O O X . X X X X O 16
15 . X X X X O X O O X O X . X . X O O O 15
14 . X O X X O X O X X X X . . X O O . . 14
13 . X O O O O X X . X . . . O X X O O O 13
12 . . X X O X X . X . . . X X O O O X X 12
11 . . . X X X O X X . X X X X O O X X O 11     WHITE has captured 14 stones
10 . X X O X O O O X X X O O X O O X . O 10     BLACK has captured 10 stones
 9 X X O O O O X O X O X O X X O O X X O 9
 8 X X X O . . . X O O O O O O . O X . O 8
 7 X O O O . O X X O X X X O X . O X X X 7
 6 X X O . O . X O O X . X O X . O O X O 6
 5 X O O O . O . X O X X X O . O O O O O 5
 4 X X O + . O O O X + X X O O X O X O . 4
 3 X O O O . O X O X X O O O O X X X O . 3
 2 O . . . O O X X . X O X O X . X O O O 2
 1 . O . . O X X . X . X X X . X X X X O 1
   A B C D E F G H J K L M N O P Q R S T

= W+53.5

=10000 65929591

=10001 128545

=10002 345793

=10003 104830912

